<?xml version="1.0" encoding="UTF-8"?>
<testsuite name="com.pathfinder.issues.controller.IssueControllerTest" tests="3" skipped="0" failures="0" errors="0" timestamp="2026-04-05T00:21:14.074Z" hostname="M1PRO-13.local" time="0.002">
  <properties/>
  <testcase name="testGetIssue()" classname="com.pathfinder.issues.controller.IssueControllerTest" time="0.001"/>
  <testcase name="testCreateIssue()" classname="com.pathfinder.issues.controller.IssueControllerTest" time="0.0"/>
  <testcase name="testListIssues()" classname="com.pathfinder.issues.controller.IssueControllerTest" time="0.0"/>
  <system-out><![CDATA[]]></system-out>
  <system-err><![CDATA[]]></system-err>
</testsuite>
