<?xml version="1.0" encoding="UTF-8"?>
<testsuite name="com.pathfinder.workitems.controller.WorkItemControllerTest" tests="3" skipped="0" failures="0" errors="0" timestamp="2026-04-05T00:21:14.286Z" hostname="M1PRO-13.local" time="0.001">
  <properties/>
  <testcase name="testListWorkItems()" classname="com.pathfinder.workitems.controller.WorkItemControllerTest" time="0.001"/>
  <testcase name="testCreateWorkItem()" classname="com.pathfinder.workitems.controller.WorkItemControllerTest" time="0.0"/>
  <testcase name="testGetWorkItem()" classname="com.pathfinder.workitems.controller.WorkItemControllerTest" time="0.0"/>
  <system-out><![CDATA[]]></system-out>
  <system-err><![CDATA[]]></system-err>
</testsuite>
