<?xml version="1.0" encoding="UTF-8"?>
<testsuite name="com.pathfinder.issues.entity.IssueNodeTest" tests="2" skipped="0" failures="0" errors="0" timestamp="2026-04-05T00:21:14.076Z" hostname="M1PRO-13.local" time="0.002">
  <properties/>
  <testcase name="testIssueNodeConstructorAndGetters()" classname="com.pathfinder.issues.entity.IssueNodeTest" time="0.0"/>
  <testcase name="testSetters()" classname="com.pathfinder.issues.entity.IssueNodeTest" time="0.001"/>
  <system-out><![CDATA[]]></system-out>
  <system-err><![CDATA[]]></system-err>
</testsuite>
