<?xml version="1.0" encoding="UTF-8"?>
<testsuite name="com.pathfinder.proposals.controller.ProposalControllerTest" tests="4" skipped="0" failures="0" errors="0" timestamp="2026-04-05T00:21:14.281Z" hostname="M1PRO-13.local" time="0.003">
  <properties/>
  <testcase name="testCreateHumanProposal()" classname="com.pathfinder.proposals.controller.ProposalControllerTest" time="0.001"/>
  <testcase name="testListHumanProposals()" classname="com.pathfinder.proposals.controller.ProposalControllerTest" time="0.0"/>
  <testcase name="testCreateAiProposal()" classname="com.pathfinder.proposals.controller.ProposalControllerTest" time="0.0"/>
  <testcase name="testListAiProposals()" classname="com.pathfinder.proposals.controller.ProposalControllerTest" time="0.0"/>
  <system-out><![CDATA[]]></system-out>
  <system-err><![CDATA[]]></system-err>
</testsuite>
