<?xml version="1.0" encoding="UTF-8"?>
<testsuite name="com.pathfinder.aggregates.controller.AggregateControllerTest" tests="4" skipped="0" failures="0" errors="0" timestamp="2026-04-05T00:21:14.044Z" hostname="M1PRO-13.local" time="0.009">
  <properties/>
  <testcase name="testGetThreads()" classname="com.pathfinder.aggregates.controller.AggregateControllerTest" time="0.006"/>
  <testcase name="testGetChronicles()" classname="com.pathfinder.aggregates.controller.AggregateControllerTest" time="0.0"/>
  <testcase name="testGetBriefs()" classname="com.pathfinder.aggregates.controller.AggregateControllerTest" time="0.001"/>
  <testcase name="testGetSnapshots()" classname="com.pathfinder.aggregates.controller.AggregateControllerTest" time="0.0"/>
  <system-out><![CDATA[]]></system-out>
  <system-err><![CDATA[]]></system-err>
</testsuite>
