<?xml version="1.0" encoding="UTF-8"?>
<testsuite name="com.pathfinder.decisions.controller.DecisionControllerTest" tests="2" skipped="0" failures="0" errors="0" timestamp="2026-04-05T00:21:14.071Z" hostname="M1PRO-13.local" time="0.001">
  <properties/>
  <testcase name="testCreateDecision()" classname="com.pathfinder.decisions.controller.DecisionControllerTest" time="0.0"/>
  <testcase name="testGetDecision()" classname="com.pathfinder.decisions.controller.DecisionControllerTest" time="0.0"/>
  <system-out><![CDATA[]]></system-out>
  <system-err><![CDATA[]]></system-err>
</testsuite>
